{
  "stats": {
    "suites": 1,
    "tests": 4,
    "passes": 4,
    "pending": 0,
    "failures": 0,
    "start": "2021-12-09T19:40:26.100Z",
    "end": "2021-12-09T19:40:34.911Z",
    "duration": 8811,
    "testsRegistered": 4,
    "passPercent": 100,
    "pendingPercent": 0,
    "other": 0,
    "hasOther": false,
    "skipped": 0,
    "hasSkipped": false
  },
  "results": [
    {
      "uuid": "2688f9cb-c215-4bf1-bfe0-83ad3c6658a2",
      "title": "",
      "fullFile": "cypress/integration/test.feature",
      "file": "cypress/integration/test.feature",
      "beforeHooks": [],
      "afterHooks": [],
      "tests": [],
      "suites": [
        {
          "uuid": "64772fc9-ec83-4aba-a11d-0b659cbdcc72",
          "title": "Testing Scenarios",
          "fullFile": "",
          "file": "",
          "beforeHooks": [],
          "afterHooks": [],
          "tests": [
            {
              "title": "First Scenario",
              "fullTitle": "Testing Scenarios First Scenario",
              "timedOut": null,
              "duration": 1450,
              "state": "passed",
              "speed": "fast",
              "pass": true,
              "fail": false,
              "pending": false,
              "context": null,
              "code": "const state = window.testState;\nreturn cy\n  .then(() => state.onStartScenario(scenario, indexedSteps))\n  .then(() =>\n    resolveAndRunBeforeHooks.call(this, scenario.tags, state.feature.name)\n  )\n  .then(() =>\n    indexedSteps.forEach((step) =>\n      stepTest.call(this, state, step, rowData)\n    )\n  )\n  .then(() => state.onFinishScenario(scenario));",
              "err": {},
              "uuid": "29fa90ab-d1ef-46e1-a977-cc5fc30282d1",
              "parentUUID": "64772fc9-ec83-4aba-a11d-0b659cbdcc72",
              "isHook": false,
              "skipped": false
            },
            {
              "title": "Second Scenario",
              "fullTitle": "Testing Scenarios Second Scenario",
              "timedOut": null,
              "duration": 2931,
              "state": "passed",
              "speed": "fast",
              "pass": true,
              "fail": false,
              "pending": false,
              "context": null,
              "code": "const state = window.testState;\nreturn cy\n  .then(() => state.onStartScenario(scenario, indexedSteps))\n  .then(() =>\n    resolveAndRunBeforeHooks.call(this, scenario.tags, state.feature.name)\n  )\n  .then(() =>\n    indexedSteps.forEach((step) =>\n      stepTest.call(this, state, step, rowData)\n    )\n  )\n  .then(() => state.onFinishScenario(scenario));",
              "err": {},
              "uuid": "36ae3694-e135-4bb6-b6c1-3837c798b1c0",
              "parentUUID": "64772fc9-ec83-4aba-a11d-0b659cbdcc72",
              "isHook": false,
              "skipped": false
            },
            {
              "title": "Third Scenario",
              "fullTitle": "Testing Scenarios Third Scenario",
              "timedOut": null,
              "duration": 1090,
              "state": "passed",
              "speed": "fast",
              "pass": true,
              "fail": false,
              "pending": false,
              "context": null,
              "code": "const state = window.testState;\nreturn cy\n  .then(() => state.onStartScenario(scenario, indexedSteps))\n  .then(() =>\n    resolveAndRunBeforeHooks.call(this, scenario.tags, state.feature.name)\n  )\n  .then(() =>\n    indexedSteps.forEach((step) =>\n      stepTest.call(this, state, step, rowData)\n    )\n  )\n  .then(() => state.onFinishScenario(scenario));",
              "err": {},
              "uuid": "f83061db-0c7e-49be-93d1-cdf05ce8db0b",
              "parentUUID": "64772fc9-ec83-4aba-a11d-0b659cbdcc72",
              "isHook": false,
              "skipped": false
            },
            {
              "title": "Fourth Scenario",
              "fullTitle": "Testing Scenarios Fourth Scenario",
              "timedOut": null,
              "duration": 1451,
              "state": "passed",
              "speed": "fast",
              "pass": true,
              "fail": false,
              "pending": false,
              "context": null,
              "code": "const state = window.testState;\nreturn cy\n  .then(() => state.onStartScenario(scenario, indexedSteps))\n  .then(() =>\n    resolveAndRunBeforeHooks.call(this, scenario.tags, state.feature.name)\n  )\n  .then(() =>\n    indexedSteps.forEach((step) =>\n      stepTest.call(this, state, step, rowData)\n    )\n  )\n  .then(() => state.onFinishScenario(scenario));",
              "err": {},
              "uuid": "0d09de26-ba20-4260-8eb6-8359e22bb7ab",
              "parentUUID": "64772fc9-ec83-4aba-a11d-0b659cbdcc72",
              "isHook": false,
              "skipped": false
            }
          ],
          "suites": [],
          "passes": [
            "29fa90ab-d1ef-46e1-a977-cc5fc30282d1",
            "36ae3694-e135-4bb6-b6c1-3837c798b1c0",
            "f83061db-0c7e-49be-93d1-cdf05ce8db0b",
            "0d09de26-ba20-4260-8eb6-8359e22bb7ab"
          ],
          "failures": [],
          "pending": [],
          "skipped": [],
          "duration": 6922,
          "root": false,
          "rootEmpty": false,
          "_timeout": 2000
        }
      ],
      "passes": [],
      "failures": [],
      "pending": [],
      "skipped": [],
      "duration": 0,
      "root": true,
      "rootEmpty": true,
      "_timeout": 2000
    }
  ],
  "meta": {
    "mocha": {
      "version": "7.0.1"
    },
    "mochawesome": {
      "options": {
        "quiet": false,
        "reportFilename": "mochawesome",
        "saveHtml": false,
        "saveJson": true,
        "consoleReporter": "spec",
        "useInlineDiffs": false,
        "code": true
      },
      "version": "6.3.1"
    },
    "marge": {
      "options": {
        "reportDir": "cypress/reports/.jsons",
        "charts": true,
        "reportPageTitle": "My Test Suite",
        "embeddedScreenshots": true,
        "inlineAssets": true,
        "overwrite": false,
        "html": false,
        "json": true
      },
      "version": "5.2.0"
    }
  }
}