{
  "stats": {
    "suites": 1,
    "tests": 4,
    "passes": 4,
    "pending": 0,
    "failures": 0,
    "start": "2021-12-09T22:21:52.008Z",
    "end": "2021-12-09T22:22:01.773Z",
    "duration": 9765,
    "testsRegistered": 4,
    "passPercent": 100,
    "pendingPercent": 0,
    "other": 0,
    "hasOther": false,
    "skipped": 0,
    "hasSkipped": false
  },
  "results": [
    {
      "uuid": "eb5a9b84-7954-48f6-b984-d4d0f9da55a2",
      "title": "",
      "fullFile": "cypress/integration/test.feature",
      "file": "cypress/integration/test.feature",
      "beforeHooks": [],
      "afterHooks": [],
      "tests": [],
      "suites": [
        {
          "uuid": "ce23f48f-f78a-432a-b7cc-ea3d244a652b",
          "title": "Testing Scenarios",
          "fullFile": "",
          "file": "",
          "beforeHooks": [],
          "afterHooks": [],
          "tests": [
            {
              "title": "First Scenario",
              "fullTitle": "Testing Scenarios First Scenario",
              "timedOut": null,
              "duration": 2324,
              "state": "passed",
              "speed": "fast",
              "pass": true,
              "fail": false,
              "pending": false,
              "context": null,
              "code": "const state = window.testState;\nreturn cy\n  .then(() => state.onStartScenario(scenario, indexedSteps))\n  .then(() =>\n    resolveAndRunBeforeHooks.call(this, scenario.tags, state.feature.name)\n  )\n  .then(() =>\n    indexedSteps.forEach((step) =>\n      stepTest.call(this, state, step, rowData)\n    )\n  )\n  .then(() => state.onFinishScenario(scenario));",
              "err": {},
              "uuid": "74a7fbaa-f470-41d3-b99d-75da35a5288a",
              "parentUUID": "ce23f48f-f78a-432a-b7cc-ea3d244a652b",
              "isHook": false,
              "skipped": false
            },
            {
              "title": "Second Scenario",
              "fullTitle": "Testing Scenarios Second Scenario",
              "timedOut": null,
              "duration": 2875,
              "state": "passed",
              "speed": "fast",
              "pass": true,
              "fail": false,
              "pending": false,
              "context": null,
              "code": "const state = window.testState;\nreturn cy\n  .then(() => state.onStartScenario(scenario, indexedSteps))\n  .then(() =>\n    resolveAndRunBeforeHooks.call(this, scenario.tags, state.feature.name)\n  )\n  .then(() =>\n    indexedSteps.forEach((step) =>\n      stepTest.call(this, state, step, rowData)\n    )\n  )\n  .then(() => state.onFinishScenario(scenario));",
              "err": {},
              "uuid": "9e67d171-c3bf-4f26-81f0-bb50a592de5a",
              "parentUUID": "ce23f48f-f78a-432a-b7cc-ea3d244a652b",
              "isHook": false,
              "skipped": false
            },
            {
              "title": "Third Scenario",
              "fullTitle": "Testing Scenarios Third Scenario",
              "timedOut": null,
              "duration": 1038,
              "state": "passed",
              "speed": "fast",
              "pass": true,
              "fail": false,
              "pending": false,
              "context": null,
              "code": "const state = window.testState;\nreturn cy\n  .then(() => state.onStartScenario(scenario, indexedSteps))\n  .then(() =>\n    resolveAndRunBeforeHooks.call(this, scenario.tags, state.feature.name)\n  )\n  .then(() =>\n    indexedSteps.forEach((step) =>\n      stepTest.call(this, state, step, rowData)\n    )\n  )\n  .then(() => state.onFinishScenario(scenario));",
              "err": {},
              "uuid": "95455044-6164-4fe9-9b06-b77e5b59e0a4",
              "parentUUID": "ce23f48f-f78a-432a-b7cc-ea3d244a652b",
              "isHook": false,
              "skipped": false
            },
            {
              "title": "Fourth Scenario",
              "fullTitle": "Testing Scenarios Fourth Scenario",
              "timedOut": null,
              "duration": 1430,
              "state": "passed",
              "speed": "fast",
              "pass": true,
              "fail": false,
              "pending": false,
              "context": null,
              "code": "const state = window.testState;\nreturn cy\n  .then(() => state.onStartScenario(scenario, indexedSteps))\n  .then(() =>\n    resolveAndRunBeforeHooks.call(this, scenario.tags, state.feature.name)\n  )\n  .then(() =>\n    indexedSteps.forEach((step) =>\n      stepTest.call(this, state, step, rowData)\n    )\n  )\n  .then(() => state.onFinishScenario(scenario));",
              "err": {},
              "uuid": "69369553-cdb5-4719-9a22-bcabb8c3f4d3",
              "parentUUID": "ce23f48f-f78a-432a-b7cc-ea3d244a652b",
              "isHook": false,
              "skipped": false
            }
          ],
          "suites": [],
          "passes": [
            "74a7fbaa-f470-41d3-b99d-75da35a5288a",
            "9e67d171-c3bf-4f26-81f0-bb50a592de5a",
            "95455044-6164-4fe9-9b06-b77e5b59e0a4",
            "69369553-cdb5-4719-9a22-bcabb8c3f4d3"
          ],
          "failures": [],
          "pending": [],
          "skipped": [],
          "duration": 7667,
          "root": false,
          "rootEmpty": false,
          "_timeout": 2000
        }
      ],
      "passes": [],
      "failures": [],
      "pending": [],
      "skipped": [],
      "duration": 0,
      "root": true,
      "rootEmpty": true,
      "_timeout": 2000
    }
  ],
  "meta": {
    "mocha": {
      "version": "7.0.1"
    },
    "mochawesome": {
      "options": {
        "quiet": false,
        "reportFilename": "mochawesome",
        "saveHtml": false,
        "saveJson": true,
        "consoleReporter": "spec",
        "useInlineDiffs": false,
        "code": true
      },
      "version": "6.3.1"
    },
    "marge": {
      "options": {
        "reportDir": "cypress/reports/.jsons",
        "charts": true,
        "reportPageTitle": "My Test Suite",
        "embeddedScreenshots": true,
        "inlineAssets": true,
        "overwrite": false,
        "html": false,
        "json": true
      },
      "version": "5.2.0"
    }
  }
}