{
  "stats": {
    "suites": 1,
    "tests": 4,
    "passes": 3,
    "pending": 0,
    "failures": 1,
    "start": "2021-12-09T19:24:33.364Z",
    "end": "2021-12-09T19:24:41.856Z",
    "duration": 8492,
    "testsRegistered": 4,
    "passPercent": 75,
    "pendingPercent": 0,
    "other": 0,
    "hasOther": false,
    "skipped": 0,
    "hasSkipped": false
  },
  "results": [
    {
      "uuid": "86995f99-8b97-4332-8551-e8c2b53eee46",
      "title": "",
      "fullFile": "cypress/integration/test.feature",
      "file": "cypress/integration/test.feature",
      "beforeHooks": [],
      "afterHooks": [],
      "tests": [],
      "suites": [
        {
          "uuid": "9be24134-0155-4195-9e83-5b706a023219",
          "title": "Testing Scenarios",
          "fullFile": "",
          "file": "",
          "beforeHooks": [],
          "afterHooks": [],
          "tests": [
            {
              "title": "First Scenario",
              "fullTitle": "Testing Scenarios First Scenario",
              "timedOut": null,
              "duration": 1275,
              "state": "passed",
              "speed": "fast",
              "pass": true,
              "fail": false,
              "pending": false,
              "context": null,
              "code": "const state = window.testState;\nreturn cy\n  .then(() => state.onStartScenario(scenario, indexedSteps))\n  .then(() =>\n    resolveAndRunBeforeHooks.call(this, scenario.tags, state.feature.name)\n  )\n  .then(() =>\n    indexedSteps.forEach((step) =>\n      stepTest.call(this, state, step, rowData)\n    )\n  )\n  .then(() => state.onFinishScenario(scenario));",
              "err": {},
              "uuid": "ab9bb585-1b5e-45db-893a-2760a93d6822",
              "parentUUID": "9be24134-0155-4195-9e83-5b706a023219",
              "isHook": false,
              "skipped": false
            },
            {
              "title": "Second Scenario",
              "fullTitle": "Testing Scenarios Second Scenario",
              "timedOut": null,
              "duration": 2759,
              "state": "passed",
              "speed": "fast",
              "pass": true,
              "fail": false,
              "pending": false,
              "context": null,
              "code": "const state = window.testState;\nreturn cy\n  .then(() => state.onStartScenario(scenario, indexedSteps))\n  .then(() =>\n    resolveAndRunBeforeHooks.call(this, scenario.tags, state.feature.name)\n  )\n  .then(() =>\n    indexedSteps.forEach((step) =>\n      stepTest.call(this, state, step, rowData)\n    )\n  )\n  .then(() => state.onFinishScenario(scenario));",
              "err": {},
              "uuid": "538acf00-f01b-47ac-91c4-329b1ab47599",
              "parentUUID": "9be24134-0155-4195-9e83-5b706a023219",
              "isHook": false,
              "skipped": false
            },
            {
              "title": "Third Scenario",
              "fullTitle": "Testing Scenarios Third Scenario",
              "timedOut": null,
              "duration": 1006,
              "state": "passed",
              "speed": "fast",
              "pass": true,
              "fail": false,
              "pending": false,
              "context": null,
              "code": "const state = window.testState;\nreturn cy\n  .then(() => state.onStartScenario(scenario, indexedSteps))\n  .then(() =>\n    resolveAndRunBeforeHooks.call(this, scenario.tags, state.feature.name)\n  )\n  .then(() =>\n    indexedSteps.forEach((step) =>\n      stepTest.call(this, state, step, rowData)\n    )\n  )\n  .then(() => state.onFinishScenario(scenario));",
              "err": {},
              "uuid": "4daceb9a-f887-408b-994f-72d30067893e",
              "parentUUID": "9be24134-0155-4195-9e83-5b706a023219",
              "isHook": false,
              "skipped": false
            },
            {
              "title": "Fourth Scenario",
              "fullTitle": "Testing Scenarios Fourth Scenario",
              "timedOut": null,
              "duration": 1532,
              "state": "failed",
              "speed": null,
              "pass": false,
              "fail": true,
              "pending": false,
              "context": null,
              "code": "const state = window.testState;\nreturn cy\n  .then(() => state.onStartScenario(scenario, indexedSteps))\n  .then(() =>\n    resolveAndRunBeforeHooks.call(this, scenario.tags, state.feature.name)\n  )\n  .then(() =>\n    indexedSteps.forEach((step) =>\n      stepTest.call(this, state, step, rowData)\n    )\n  )\n  .then(() => state.onFinishScenario(scenario));",
              "err": {
                "message": "AssertionError: expected false to be true",
                "estack": "AssertionError: expected false to be true\n    at Context.eval (https://react-shopping-cart-67954.firebaseapp.com/__cypress/tests?p=cypress/integration/test.feature:216:38)\n    at Context.resolveAndRunStepDefinition (https://react-shopping-cart-67954.firebaseapp.com/__cypress/tests?p=cypress/integration/test.feature:20420:29)\n    at Context.eval (https://react-shopping-cart-67954.firebaseapp.com/__cypress/tests?p=cypress/integration/test.feature:19741:35)",
                "diff": null
              },
              "uuid": "c7e687cb-723f-41fa-ba47-ac50437b23c5",
              "parentUUID": "9be24134-0155-4195-9e83-5b706a023219",
              "isHook": false,
              "skipped": false
            }
          ],
          "suites": [],
          "passes": [
            "ab9bb585-1b5e-45db-893a-2760a93d6822",
            "538acf00-f01b-47ac-91c4-329b1ab47599",
            "4daceb9a-f887-408b-994f-72d30067893e"
          ],
          "failures": [
            "c7e687cb-723f-41fa-ba47-ac50437b23c5"
          ],
          "pending": [],
          "skipped": [],
          "duration": 6572,
          "root": false,
          "rootEmpty": false,
          "_timeout": 2000
        }
      ],
      "passes": [],
      "failures": [],
      "pending": [],
      "skipped": [],
      "duration": 0,
      "root": true,
      "rootEmpty": true,
      "_timeout": 2000
    }
  ],
  "meta": {
    "mocha": {
      "version": "7.0.1"
    },
    "mochawesome": {
      "options": {
        "quiet": false,
        "reportFilename": "mochawesome",
        "saveHtml": false,
        "saveJson": true,
        "consoleReporter": "spec",
        "useInlineDiffs": false,
        "code": true
      },
      "version": "6.3.1"
    },
    "marge": {
      "options": {
        "reportDir": "cypress/reports/.jsons",
        "charts": true,
        "reportPageTitle": "My Test Suite",
        "embeddedScreenshots": true,
        "inlineAssets": true,
        "overwrite": false,
        "html": false,
        "json": true
      },
      "version": "5.2.0"
    }
  }
}