{
  "stats": {
    "suites": 1,
    "tests": 1,
    "passes": 0,
    "pending": 0,
    "failures": 1,
    "start": "2022-02-14T10:54:44.939Z",
    "end": "2022-02-14T10:54:54.894Z",
    "duration": 9955,
    "testsRegistered": 1,
    "passPercent": 0,
    "pendingPercent": 0,
    "other": 0,
    "hasOther": false,
    "skipped": 0,
    "hasSkipped": false
  },
  "results": [
    {
      "uuid": "d700e576-70b0-4627-86f1-996bf485f347",
      "title": "",
      "fullFile": "cypress/integration/test.feature",
      "file": "cypress/integration/test.feature",
      "beforeHooks": [],
      "afterHooks": [],
      "tests": [],
      "suites": [
        {
          "uuid": "09f196d6-39e5-40f1-bba0-7f4d0dd51763",
          "title": "Testing Scenarios",
          "fullFile": "",
          "file": "",
          "beforeHooks": [],
          "afterHooks": [],
          "tests": [
            {
              "title": "Sign up and post comment conduit",
              "fullTitle": "Testing Scenarios Sign up and post comment conduit",
              "timedOut": null,
              "duration": 7773,
              "state": "failed",
              "speed": null,
              "pass": false,
              "fail": true,
              "pending": false,
              "context": null,
              "code": "const state = window.testState;\nreturn cy\n  .then(() => state.onStartScenario(scenario, indexedSteps))\n  .then(() =>\n    resolveAndRunBeforeHooks.call(this, scenario.tags, state.feature.name)\n  )\n  .then(() =>\n    indexedSteps.forEach((step) =>\n      stepTest.call(this, state, step, rowData)\n    )\n  )\n  .then(() => state.onFinishScenario(scenario));",
              "err": {
                "message": "TypeError: err is undefined",
                "estack": "TypeError: err is undefined\ncommandRunningFailed@https://react-redux.realworld.io/__cypress/runner/cypress_runner.js:170580:7\nonError@https://react-redux.realworld.io/__cypress/runner/cypress_runner.js:170870:29\ntryCatcher@https://react-redux.realworld.io/__cypress/runner/cypress_runner.js:13196:23\n../../node_modules/bluebird/js/release/promise.js/</module.exports/Promise.prototype._settlePromiseFromHandler@https://react-redux.realworld.io/__cypress/runner/cypress_runner.js:11131:31\n../../node_modules/bluebird/js/release/promise.js/</module.exports/Promise.prototype._settlePromise@https://react-redux.realworld.io/__cypress/runner/cypress_runner.js:11188:18\n../../node_modules/bluebird/js/release/promise.js/</module.exports/Promise.prototype._settlePromise0@https://react-redux.realworld.io/__cypress/runner/cypress_runner.js:11233:10\n../../node_modules/bluebird/js/release/promise.js/</module.exports/Promise.prototype._settlePromises@https://react-redux.realworld.io/__cypress/runner/cypress_runner.js:11309:18\n_drainQueueStep@https://react-redux.realworld.io/__cypress/runner/cypress_runner.js:7903:12\n_drainQueue@https://react-redux.realworld.io/__cypress/runner/cypress_runner.js:7896:24\n../../node_modules/bluebird/js/release/async.js/</Async.prototype._drainQueues@https://react-redux.realworld.io/__cypress/runner/cypress_runner.js:7912:16\nAsync/this.drainQueues@https://react-redux.realworld.io/__cypress/runner/cypress_runner.js:7782:14\n",
                "diff": null
              },
              "uuid": "ffe706b2-b419-4b40-b1b3-9de06944e7e3",
              "parentUUID": "09f196d6-39e5-40f1-bba0-7f4d0dd51763",
              "isHook": false,
              "skipped": false
            }
          ],
          "suites": [],
          "passes": [],
          "failures": [
            "ffe706b2-b419-4b40-b1b3-9de06944e7e3"
          ],
          "pending": [],
          "skipped": [],
          "duration": 7773,
          "root": false,
          "rootEmpty": false,
          "_timeout": 2000
        }
      ],
      "passes": [],
      "failures": [],
      "pending": [],
      "skipped": [],
      "duration": 0,
      "root": true,
      "rootEmpty": true,
      "_timeout": 2000
    }
  ],
  "meta": {
    "mocha": {
      "version": "7.0.1"
    },
    "mochawesome": {
      "options": {
        "quiet": false,
        "reportFilename": "mochawesome",
        "saveHtml": false,
        "saveJson": true,
        "consoleReporter": "spec",
        "useInlineDiffs": false,
        "code": true
      },
      "version": "6.3.1"
    },
    "marge": {
      "options": {
        "reportDir": "cypress/reports/.jsons",
        "charts": true,
        "reportPageTitle": "My Test Suite",
        "embeddedScreenshots": true,
        "inlineAssets": true,
        "overwrite": false,
        "html": false,
        "json": true
      },
      "version": "5.2.0"
    }
  }
}