{
  "stats": {
    "suites": 1,
    "tests": 1,
    "passes": 0,
    "pending": 0,
    "failures": 1,
    "start": "2022-02-10T14:45:03.040Z",
    "end": "2022-02-10T14:45:30.002Z",
    "duration": 26962,
    "testsRegistered": 1,
    "passPercent": 0,
    "pendingPercent": 0,
    "other": 0,
    "hasOther": false,
    "skipped": 0,
    "hasSkipped": false
  },
  "results": [
    {
      "uuid": "4b398ae6-9957-48aa-a347-eb2e22aba7a7",
      "title": "",
      "fullFile": "cypress/integration/test.feature",
      "file": "cypress/integration/test.feature",
      "beforeHooks": [],
      "afterHooks": [],
      "tests": [],
      "suites": [
        {
          "uuid": "9c411563-1a1f-4d88-8474-608d73031651",
          "title": "Testing Scenarios",
          "fullFile": "",
          "file": "",
          "beforeHooks": [],
          "afterHooks": [],
          "tests": [
            {
              "title": "Sign up and post comment conduit",
              "fullTitle": "Testing Scenarios Sign up and post comment conduit",
              "timedOut": null,
              "duration": 24236,
              "state": "failed",
              "speed": null,
              "pass": false,
              "fail": true,
              "pending": false,
              "context": null,
              "code": "const state = window.testState;\nreturn cy\n  .then(() => state.onStartScenario(scenario, indexedSteps))\n  .then(() =>\n    resolveAndRunBeforeHooks.call(this, scenario.tags, state.feature.name)\n  )\n  .then(() =>\n    indexedSteps.forEach((step) =>\n      stepTest.call(this, state, step, rowData)\n    )\n  )\n  .then(() => state.onFinishScenario(scenario));",
              "err": {
                "message": "AssertionError: Timed out retrying after 15000ms: Expected to find element: `//a[contains(text(),'New Post')]`, but never found it.",
                "estack": "AssertionError: Timed out retrying after 15000ms: Expected to find element: `//a[contains(text(),'New Post')]`, but never found it.\n    [3]</<@https://react-redux.realworld.io/__cypress/tests?p=cypress/integration/test.feature:70:6\n    resolveAndRunStepDefinition@https://react-redux.realworld.io/__cypress/tests?p=cypress/integration/test.feature:20369:29\n    stepTest/<@https://react-redux.realworld.io/__cypress/tests?p=cypress/integration/test.feature:19690:35\n    getRet@https://react-redux.realworld.io/__cypress/runner/cypress_runner.js:155161:20\n    tryCatcher@https://react-redux.realworld.io/__cypress/runner/cypress_runner.js:13196:23\n    ../../node_modules/bluebird/js/release/method.js/module.exports/Promise.try@https://react-redux.realworld.io/__cypress/runner/cypress_runner.js:10470:29\n    thenFn@https://react-redux.realworld.io/__cypress/runner/cypress_runner.js:155179:60\n    then@https://react-redux.realworld.io/__cypress/runner/cypress_runner.js:155631:21\n    wrapByType/<@https://react-redux.realworld.io/__cypress/runner/cypress_runner.js:172103:23\n    runCommand/<@https://react-redux.realworld.io/__cypress/runner/cypress_runner.js:170703:17\n    tryCatcher@https://react-redux.realworld.io/__cypress/runner/cypress_runner.js:13196:23\n    ../../node_modules/bluebird/js/release/promise.js/</module.exports/Promise.prototype._settlePromiseFromHandler@https://react-redux.realworld.io/__cypress/runner/cypress_runner.js:11131:31\n    ../../node_modules/bluebird/js/release/promise.js/</module.exports/Promise.prototype._settlePromise@https://react-redux.realworld.io/__cypress/runner/cypress_runner.js:11188:18\n    ../../node_modules/bluebird/js/release/promise.js/</module.exports/Promise.prototype._settlePromiseCtx@https://react-redux.realworld.io/__cypress/runner/cypress_runner.js:11225:10\n    _drainQueueStep@https://react-redux.realworld.io/__cypress/runner/cypress_runner.js:7907:12\n    _drainQueue@https://react-redux.realworld.io/__cypress/runner/cypress_runner.js:7896:24\n    ../../node_modules/bluebird/js/release/async.js/</Async.prototype._drainQueues@https://react-redux.realworld.io/__cypress/runner/cypress_runner.js:7912:16\n    Async/this.drainQueues@https://react-redux.realworld.io/__cypress/runner/cypress_runner.js:7782:14\n",
                "diff": null
              },
              "uuid": "c011be6a-d9a9-43ed-8ec5-06dbef88781b",
              "parentUUID": "9c411563-1a1f-4d88-8474-608d73031651",
              "isHook": false,
              "skipped": false
            }
          ],
          "suites": [],
          "passes": [],
          "failures": [
            "c011be6a-d9a9-43ed-8ec5-06dbef88781b"
          ],
          "pending": [],
          "skipped": [],
          "duration": 24236,
          "root": false,
          "rootEmpty": false,
          "_timeout": 2000
        }
      ],
      "passes": [],
      "failures": [],
      "pending": [],
      "skipped": [],
      "duration": 0,
      "root": true,
      "rootEmpty": true,
      "_timeout": 2000
    }
  ],
  "meta": {
    "mocha": {
      "version": "7.0.1"
    },
    "mochawesome": {
      "options": {
        "quiet": false,
        "reportFilename": "mochawesome",
        "saveHtml": false,
        "saveJson": true,
        "consoleReporter": "spec",
        "useInlineDiffs": false,
        "code": true
      },
      "version": "6.3.1"
    },
    "marge": {
      "options": {
        "reportDir": "cypress/reports/.jsons",
        "charts": true,
        "reportPageTitle": "My Test Suite",
        "embeddedScreenshots": true,
        "inlineAssets": true,
        "overwrite": false,
        "html": false,
        "json": true
      },
      "version": "5.2.0"
    }
  }
}