{
  "stats": {
    "suites": 1,
    "tests": 4,
    "passes": 4,
    "pending": 0,
    "failures": 0,
    "start": "2021-12-09T22:19:05.350Z",
    "end": "2021-12-09T22:19:15.844Z",
    "duration": 10494,
    "testsRegistered": 4,
    "passPercent": 100,
    "pendingPercent": 0,
    "other": 0,
    "hasOther": false,
    "skipped": 0,
    "hasSkipped": false
  },
  "results": [
    {
      "uuid": "b9b2fb62-abbe-4604-8bcd-82539cb850e7",
      "title": "",
      "fullFile": "cypress/integration/test.feature",
      "file": "cypress/integration/test.feature",
      "beforeHooks": [],
      "afterHooks": [],
      "tests": [],
      "suites": [
        {
          "uuid": "2a25ce71-8658-458b-9788-eac97611f7da",
          "title": "Testing Scenarios",
          "fullFile": "",
          "file": "",
          "beforeHooks": [],
          "afterHooks": [],
          "tests": [
            {
              "title": "First Scenario",
              "fullTitle": "Testing Scenarios First Scenario",
              "timedOut": null,
              "duration": 1992,
              "state": "passed",
              "speed": "fast",
              "pass": true,
              "fail": false,
              "pending": false,
              "context": null,
              "code": "const state = window.testState;\nreturn cy\n  .then(() => state.onStartScenario(scenario, indexedSteps))\n  .then(() =>\n    resolveAndRunBeforeHooks.call(this, scenario.tags, state.feature.name)\n  )\n  .then(() =>\n    indexedSteps.forEach((step) =>\n      stepTest.call(this, state, step, rowData)\n    )\n  )\n  .then(() => state.onFinishScenario(scenario));",
              "err": {},
              "uuid": "ea38a0a8-d1ae-43b6-8264-27067041bdc3",
              "parentUUID": "2a25ce71-8658-458b-9788-eac97611f7da",
              "isHook": false,
              "skipped": false
            },
            {
              "title": "Second Scenario",
              "fullTitle": "Testing Scenarios Second Scenario",
              "timedOut": null,
              "duration": 3841,
              "state": "passed",
              "speed": "fast",
              "pass": true,
              "fail": false,
              "pending": false,
              "context": null,
              "code": "const state = window.testState;\nreturn cy\n  .then(() => state.onStartScenario(scenario, indexedSteps))\n  .then(() =>\n    resolveAndRunBeforeHooks.call(this, scenario.tags, state.feature.name)\n  )\n  .then(() =>\n    indexedSteps.forEach((step) =>\n      stepTest.call(this, state, step, rowData)\n    )\n  )\n  .then(() => state.onFinishScenario(scenario));",
              "err": {},
              "uuid": "188150cd-bfc4-463e-9da1-2a0d1613ef2a",
              "parentUUID": "2a25ce71-8658-458b-9788-eac97611f7da",
              "isHook": false,
              "skipped": false
            },
            {
              "title": "Third Scenario",
              "fullTitle": "Testing Scenarios Third Scenario",
              "timedOut": null,
              "duration": 1033,
              "state": "passed",
              "speed": "fast",
              "pass": true,
              "fail": false,
              "pending": false,
              "context": null,
              "code": "const state = window.testState;\nreturn cy\n  .then(() => state.onStartScenario(scenario, indexedSteps))\n  .then(() =>\n    resolveAndRunBeforeHooks.call(this, scenario.tags, state.feature.name)\n  )\n  .then(() =>\n    indexedSteps.forEach((step) =>\n      stepTest.call(this, state, step, rowData)\n    )\n  )\n  .then(() => state.onFinishScenario(scenario));",
              "err": {},
              "uuid": "a5935386-7a6f-4a2a-b95d-ba29d0831a8c",
              "parentUUID": "2a25ce71-8658-458b-9788-eac97611f7da",
              "isHook": false,
              "skipped": false
            },
            {
              "title": "Fourth Scenario",
              "fullTitle": "Testing Scenarios Fourth Scenario",
              "timedOut": null,
              "duration": 1462,
              "state": "passed",
              "speed": "fast",
              "pass": true,
              "fail": false,
              "pending": false,
              "context": null,
              "code": "const state = window.testState;\nreturn cy\n  .then(() => state.onStartScenario(scenario, indexedSteps))\n  .then(() =>\n    resolveAndRunBeforeHooks.call(this, scenario.tags, state.feature.name)\n  )\n  .then(() =>\n    indexedSteps.forEach((step) =>\n      stepTest.call(this, state, step, rowData)\n    )\n  )\n  .then(() => state.onFinishScenario(scenario));",
              "err": {},
              "uuid": "9e5b7aea-2739-4b7e-96bd-89cecd9356a5",
              "parentUUID": "2a25ce71-8658-458b-9788-eac97611f7da",
              "isHook": false,
              "skipped": false
            }
          ],
          "suites": [],
          "passes": [
            "ea38a0a8-d1ae-43b6-8264-27067041bdc3",
            "188150cd-bfc4-463e-9da1-2a0d1613ef2a",
            "a5935386-7a6f-4a2a-b95d-ba29d0831a8c",
            "9e5b7aea-2739-4b7e-96bd-89cecd9356a5"
          ],
          "failures": [],
          "pending": [],
          "skipped": [],
          "duration": 8328,
          "root": false,
          "rootEmpty": false,
          "_timeout": 2000
        }
      ],
      "passes": [],
      "failures": [],
      "pending": [],
      "skipped": [],
      "duration": 0,
      "root": true,
      "rootEmpty": true,
      "_timeout": 2000
    }
  ],
  "meta": {
    "mocha": {
      "version": "7.0.1"
    },
    "mochawesome": {
      "options": {
        "quiet": false,
        "reportFilename": "mochawesome",
        "saveHtml": false,
        "saveJson": true,
        "consoleReporter": "spec",
        "useInlineDiffs": false,
        "code": true
      },
      "version": "6.3.1"
    },
    "marge": {
      "options": {
        "reportDir": "cypress/reports/.jsons",
        "charts": true,
        "reportPageTitle": "My Test Suite",
        "embeddedScreenshots": true,
        "inlineAssets": true,
        "overwrite": false,
        "html": false,
        "json": true
      },
      "version": "5.2.0"
    }
  }
}